Copying /opt/ModelSim101/modeltech/linux_x86_64/../modelsim.ini to modelsim.ini
DEBUG: modelsim_pfx: testing: /opt/ModelSim101/modeltech/bin/
DEBUG: try_set: altera_sim_lib: True: /home/ece327/altera
DEBUG: default_board: DE2
** Warning: (vlib-34) Library already exists at "work-msim".
** Warning: (vlib-34) Library already exists at "work-msim".
  Model Technology ModelSim SE-64 vcom 10.1 Compiler 2011.12 Dec  5 2011
Model Technology ModelSim SE-64 vcom 10.1 Compiler 2011.12 Dec  5 2011
-- Loading package STANDARD
-- Loading package STANDARD
-- Loading package TEXTIO
-- Loading package TEXTIO
-- Loading package std_logic_1164
-- Loading package std_logic_1164
-- Compiling entity fulladder
-- Compiling entity fulladder
-- Compiling architecture main of fulladder
-- Compiling architecture main of fulladder
** Error: (vcom-11) Could not find work.sum.
** Error: (vcom-11) Could not find work.sum.
** Error: fulladder.vhd(12): (vcom-1195) Cannot find expanded name "work.sum".
** Error: fulladder.vhd(12): (vcom-1195) Cannot find expanded name "work.sum".
** Error: fulladder.vhd(12): Unknown expanded name.
** Error: fulladder.vhd(12): Unknown expanded name.
** Error: (vcom-11) Could not find work.carry.
** Error: (vcom-11) Could not find work.carry.
** Error: fulladder.vhd(20): (vcom-1195) Cannot find expanded name "work.carry".
** Error: fulladder.vhd(20): (vcom-1195) Cannot find expanded name "work.carry".
** Error: fulladder.vhd(20): Unknown expanded name.
** Error: fulladder.vhd(20): Unknown expanded name.
** Error: fulladder.vhd(27): VHDL Compiler exiting
** Error: fulladder.vhd(27): VHDL Compiler exiting
  ERROR: Failure when running `vcom -93 +acc -work work-msim fulladder.vhd'
 ERROR: Failure when running `uw-msim-com  fulladder.vhd '
