Copying /opt/ModelSim101/modeltech/linux_x86_64/../modelsim.ini to modelsim.ini
DEBUG: modelsim_pfx: testing: /opt/ModelSim101/modeltech/bin/
DEBUG: try_set: altera_sim_lib: True: /home/ece327/altera
DEBUG: default_board: DE2
** Warning: (vlib-34) Library already exists at "work-msim".
** Warning: (vlib-34) Library already exists at "work-msim".
  Model Technology ModelSim SE-64 vcom 10.1 Compiler 2011.12 Dec  5 2011
Model Technology ModelSim SE-64 vcom 10.1 Compiler 2011.12 Dec  5 2011
-- Loading package STANDARD
-- Loading package STANDARD
-- Loading package TEXTIO
-- Loading package TEXTIO
-- Loading package std_logic_1164
-- Loading package std_logic_1164
-- Loading package NUMERIC_STD
-- Loading package NUMERIC_STD
** Error: (vcom-11) Could not find work.fir_synth_pkg.
** Error: (vcom-11) Could not find work.fir_synth_pkg.
** Error: fir_tb.vhd(9): (vcom-1195) Cannot find expanded name "work.fir_synth_pkg".
** Error: fir_tb.vhd(9): (vcom-1195) Cannot find expanded name "work.fir_synth_pkg".
** Error: fir_tb.vhd(9): Unknown expanded name.
** Error: fir_tb.vhd(9): Unknown expanded name.
** Error: fir_tb.vhd(11): VHDL Compiler exiting
** Error: fir_tb.vhd(11): VHDL Compiler exiting
  ERROR: Failure when running `vcom -93 +acc -work work-msim fir_tb.vhd'
 ERROR: Failure when running `uw-msim-com  fir_tb.vhd '
